# JRE version: OpenJDK Runtime Environment Corretto-11.0.11.9.1 (11.0.11+9) (build 11.0.11+9-LTS)
# Java VM: OpenJDK 64-Bit Server VM Corretto-11.0.11.9.1 (11.0.11+9-LTS, mixed mode, tiered, compressed oops, g1 gc, windows-amd64)
Heap:
 garbage-first heap   total 262144K, used 16815K [0x00000000e0000000, 0x0000000100000000)
  region size 1024K, 4 young (4096K), 4 survivors (4096K)
 Metaspace       used 21128K, capacity 21743K, committed 21888K, reserved 288768K
  class space    used 2605K, capacity 2830K, committed 2944K, reserved 253952K
GC Heap History (10 events):
Event: 0.674 GC heap before
{Heap before GC invocations=0 (full 0):
 garbage-first heap   total 262144K, used 19456K [0x00000000e0000000, 0x0000000100000000)
  region size 1024K, 14 young (14336K), 0 survivors (0K)
 Metaspace       used 7418K, capacity 7583K, committed 7680K, reserved 262144K
  class space    used 670K, capacity 716K, committed 768K, reserved 253952K
}
Event: 0.677 GC heap after
{Heap after GC invocations=1 (full 0):
 garbage-first heap   total 262144K, used 7952K [0x00000000e0000000, 0x0000000100000000)
  region size 1024K, 2 young (2048K), 2 survivors (2048K)
 Metaspace       used 7418K, capacity 7583K, committed 7680K, reserved 262144K
  class space    used 670K, capacity 716K, committed 768K, reserved 253952K
}
Event: 1.006 GC heap before
{Heap before GC invocations=1 (full 0):
 garbage-first heap   total 262144K, used 19216K [0x00000000e0000000, 0x0000000100000000)
  region size 1024K, 13 young (13312K), 2 survivors (2048K)
 Metaspace       used 10796K, capacity 11075K, committed 11264K, reserved 264192K
  class space    used 1131K, capacity 1201K, committed 1280K, reserved 253952K
}
Event: 1.009 GC heap after
{Heap after GC invocations=2 (full 0):
 garbage-first heap   total 262144K, used 8922K [0x00000000e0000000, 0x0000000100000000)
  region size 1024K, 1 young (1024K), 1 survivors (1024K)
 Metaspace       used 10796K, capacity 11075K, committed 11264K, reserved 264192K
  class space    used 1131K, capacity 1201K, committed 1280K, reserved 253952K
}
Event: 1.380 GC heap before
{Heap before GC invocations=2 (full 0):
 garbage-first heap   total 262144K, used 36570K [0x00000000e0000000, 0x0000000100000000)
  region size 1024K, 29 young (29696K), 1 survivors (1024K)
 Metaspace       used 11019K, capacity 11271K, committed 11520K, reserved 264192K
  class space    used 1139K, capacity 1202K, committed 1280K, reserved 253952K
}
Event: 1.384 GC heap after
{Heap after GC invocations=3 (full 0):
 garbage-first heap   total 262144K, used 13479K [0x00000000e0000000, 0x0000000100000000)
  region size 1024K, 4 young (4096K), 4 survivors (4096K)
 Metaspace       used 11019K, capacity 11271K, committed 11520K, reserved 264192K
  class space    used 1139K, capacity 1202K, committed 1280K, reserved 253952K
}
Event: 2.813 GC heap before
{Heap before GC invocations=3 (full 0):
 garbage-first heap   total 262144K, used 55463K [0x00000000e0000000, 0x0000000100000000)
  region size 1024K, 45 young (46080K), 4 survivors (4096K)
 Metaspace       used 18587K, capacity 19048K, committed 19328K, reserved 272384K
  class space    used 2215K, capacity 2372K, committed 2432K, reserved 253952K
}
Event: 2.820 GC heap after
{Heap after GC invocations=4 (full 0):
 garbage-first heap   total 262144K, used 16196K [0x00000000e0000000, 0x0000000100000000)
  region size 1024K, 6 young (6144K), 6 survivors (6144K)
 Metaspace       used 18587K, capacity 19048K, committed 19328K, reserved 272384K
  class space    used 2215K, capacity 2372K, committed 2432K, reserved 253952K
}
Event: 3.019 GC heap before
{Heap before GC invocations=4 (full 0):
 garbage-first heap   total 262144K, used 30532K [0x00000000e0000000, 0x0000000100000000)
  region size 1024K, 21 young (21504K), 6 survivors (6144K)
 Metaspace       used 20491K, capacity 21066K, committed 21120K, reserved 278528K
  class space    used 2486K, capacity 2688K, committed 2688K, reserved 253952K
}
Event: 3.024 GC heap after
{Heap after GC invocations=5 (full 0):
 garbage-first heap   total 262144K, used 17016K [0x00000000e0000000, 0x0000000100000000)
  region size 1024K, 4 young (4096K), 4 survivors (4096K)
 Metaspace       used 20491K, capacity 21066K, committed 21120K, reserved 278528K
  class space    used 2486K, capacity 2688K, committed 2688K, reserved 253952K
}

